<?xml version="1.0" encoding="UTF-8"?>
<testng-results ignored="0" total="1" passed="1" failed="0" skipped="0">
  <reporter-output>
  </reporter-output>
  <suite started-at="2020-05-14T04:43:06Z" name="Default suite" finished-at="2020-05-14T04:43:21Z" duration-ms="14909">
    <groups>
    </groups>
    <test started-at="2020-05-14T04:43:06Z" name="Default test" finished-at="2020-05-14T04:43:21Z" duration-ms="14909">
      <class name="practice.HeadlessBrowser">
        <test-method signature="test()[pri:0, instance:practice.HeadlessBrowser@41ee392b]" started-at="2020-05-14T04:43:06Z" name="test" finished-at="2020-05-14T04:43:21Z" duration-ms="14825" status="PASS">
          <reporter-output>
          </reporter-output>
        </test-method> <!-- test -->
      </class> <!-- practice.HeadlessBrowser -->
    </test> <!-- Default test -->
  </suite> <!-- Default suite -->
</testng-results>
